1612882477228	geckodriver	INFO	Listening on 127.0.0.1:52495
1612882478235	mozrunner::runner	INFO	Running command: "/usr/bin/firefox" "--marionette" "-foreground" "-no-remote" "-profile" "/tmp/rust_mozprofileUX4dWk"
console.warn: SearchSettings: "get: No settings file exists, new profile?" (new Error("", "(unknown module)"))
1612882480744	Marionette	INFO	Listening on port 46457
1612882480874	Marionette	WARN	TLS certificate errors will be ignored for this session
console.error: Region.jsm: "Error fetching region" (new Error("TIMEOUT", "resource://gre/modules/Region.jsm", 726))
console.error: Region.jsm: "Failed to fetch region" (new Error("TIMEOUT", "resource://gre/modules/Region.jsm", 376))
1612882487141	Marionette	INFO	Stopped listening on port 46457

###!!! [Parent][RunMessage] Error: Channel closing: too late to send/recv, messages will be lost

1612882515268	geckodriver	INFO	Listening on 127.0.0.1:38247
1612882515272	mozrunner::runner	INFO	Running command: "/usr/bin/firefox" "--marionette" "-foreground" "-no-remote" "-profile" "/tmp/rust_mozprofile4F06k2"
console.warn: SearchSettings: "get: No settings file exists, new profile?" (new Error("", "(unknown module)"))
1612882517821	Marionette	INFO	Listening on port 42161
1612882517903	Marionette	WARN	TLS certificate errors will be ignored for this session
1612882518869	Marionette	INFO	Stopped listening on port 42161
JavaScript error: resource://gre/modules/UrlClassifierListManager.jsm, line 691: TypeError: this.tablesData[table] is undefined
1612882669397	geckodriver	INFO	Listening on 127.0.0.1:56171
1612882669400	mozrunner::runner	INFO	Running command: "/usr/bin/firefox" "--marionette" "-foreground" "-no-remote" "-profile" "/tmp/rust_mozprofiletwXewU"
console.warn: SearchSettings: "get: No settings file exists, new profile?" (new Error("", "(unknown module)"))
1612882671859	Marionette	INFO	Listening on port 35477
1612882671929	Marionette	WARN	TLS certificate errors will be ignored for this session
1612882672479	Marionette	INFO	Stopped listening on port 35477
JavaScript error: resource://devtools-client-shared/components/reps/reps/undefined.js, line 17: TypeError: require(...) is undefined
JavaScript error: resource://devtools-client-jsonview/lib/require.js, line 170: Error: Script error for: devtools/client/shared/components/reps/shared/grip-length-bubble
http://requirejs.org/docs/errors.html#scripterror
JavaScript error: resource://activity-stream/lib/ASRouter.jsm, line 987: NS_ERROR_ILLEGAL_VALUE: Component returned failure code: 0x80070057 (NS_ERROR_ILLEGAL_VALUE) [nsIObserverService.removeObserver]
1612882890408	geckodriver	INFO	Listening on 127.0.0.1:44955
1612882890411	mozrunner::runner	INFO	Running command: "/usr/bin/firefox" "--marionette" "-foreground" "-no-remote" "-profile" "/tmp/rust_mozprofile8nrZTo"
console.warn: SearchSettings: "get: No settings file exists, new profile?" (new Error("", "(unknown module)"))
1612882892902	Marionette	INFO	Listening on port 46699
1612882892952	Marionette	WARN	TLS certificate errors will be ignored for this session
1612882938298	Marionette	INFO	Stopped listening on port 46699
1612882942881	geckodriver	INFO	Listening on 127.0.0.1:60879
1612882943889	mozrunner::runner	INFO	Running command: "/usr/bin/firefox" "--marionette" "-foreground" "-no-remote" "-profile" "/tmp/rust_mozprofilemaLnSo"
console.warn: SearchSettings: "get: No settings file exists, new profile?" (new Error("", "(unknown module)"))
1612882946432	Marionette	INFO	Listening on port 45947
1612882946515	Marionette	WARN	TLS certificate errors will be ignored for this session
1612882947138	Marionette	INFO	Stopped listening on port 45947
JavaScript error: resource://activity-stream/lib/ASRouter.jsm, line 987: NS_ERROR_ILLEGAL_VALUE: Component returned failure code: 0x80070057 (NS_ERROR_ILLEGAL_VALUE) [nsIObserverService.removeObserver]
1612882957829	geckodriver	INFO	Listening on 127.0.0.1:42659
1612882957834	mozrunner::runner	INFO	Running command: "/usr/bin/firefox" "--marionette" "-foreground" "-no-remote" "-profile" "/tmp/rust_mozprofileumjuWT"
console.warn: SearchSettings: "get: No settings file exists, new profile?" (new Error("", "(unknown module)"))
1612882960385	Marionette	INFO	Listening on port 43407
1612882960481	Marionette	WARN	TLS certificate errors will be ignored for this session
1612882965786	Marionette	INFO	Stopped listening on port 43407

###!!! [Parent][RunMessage] Error: Channel closing: too late to send/recv, messages will be lost

1612883066944	geckodriver	INFO	Listening on 127.0.0.1:36311
1612883066951	mozrunner::runner	INFO	Running command: "/usr/bin/firefox" "--marionette" "-foreground" "-no-remote" "-profile" "/tmp/rust_mozprofileHDBNAW"
console.warn: SearchSettings: "get: No settings file exists, new profile?" (new Error("", "(unknown module)"))
1612883069435	Marionette	INFO	Listening on port 35067
1612883069490	Marionette	WARN	TLS certificate errors will be ignored for this session
1612883076090	Marionette	INFO	Stopped listening on port 35067
1612883081985	geckodriver	INFO	Listening on 127.0.0.1:42979
1612883081990	mozrunner::runner	INFO	Running command: "/usr/bin/firefox" "--marionette" "-foreground" "-no-remote" "-profile" "/tmp/rust_mozprofilelSLI6V"
console.warn: SearchSettings: "get: No settings file exists, new profile?" (new Error("", "(unknown module)"))
1612883084510	Marionette	INFO	Listening on port 43415
1612883084641	Marionette	WARN	TLS certificate errors will be ignored for this session
1612883088466	Marionette	INFO	Stopped listening on port 43415
1612883133552	geckodriver	INFO	Listening on 127.0.0.1:45109
1612883133557	mozrunner::runner	INFO	Running command: "/usr/bin/firefox" "--marionette" "-foreground" "-no-remote" "-profile" "/tmp/rust_mozprofileErhasl"
console.warn: SearchSettings: "get: No settings file exists, new profile?" (new Error("", "(unknown module)"))
1612883136068	Marionette	INFO	Listening on port 46419
1612883136192	Marionette	WARN	TLS certificate errors will be ignored for this session
1612883138924	Marionette	INFO	Stopped listening on port 46419
1612883231596	geckodriver	INFO	Listening on 127.0.0.1:59563
1612883231603	mozrunner::runner	INFO	Running command: "/usr/bin/firefox" "--marionette" "-foreground" "-no-remote" "-profile" "/tmp/rust_mozprofile5eh1Ra"
console.warn: SearchSettings: "get: No settings file exists, new profile?" (new Error("", "(unknown module)"))
1612883234064	Marionette	INFO	Listening on port 37311
1612883234143	Marionette	WARN	TLS certificate errors will be ignored for this session
1612883234707	Marionette	INFO	Stopped listening on port 37311
JavaScript error: resource://activity-stream/lib/ASRouter.jsm, line 987: NS_ERROR_ILLEGAL_VALUE: Component returned failure code: 0x80070057 (NS_ERROR_ILLEGAL_VALUE) [nsIObserverService.removeObserver]
1612883270908	geckodriver	INFO	Listening on 127.0.0.1:34437
1612883271917	mozrunner::runner	INFO	Running command: "/usr/bin/firefox" "--marionette" "-foreground" "-no-remote" "-profile" "/tmp/rust_mozprofileETOxzD"
console.warn: SearchSettings: "get: No settings file exists, new profile?" (new Error("", "(unknown module)"))
1612883274341	Marionette	INFO	Listening on port 36995
1612883274461	Marionette	WARN	TLS certificate errors will be ignored for this session
1612883275232	Marionette	INFO	Stopped listening on port 36995
JavaScript error: resource://activity-stream/lib/ASRouter.jsm, line 987: NS_ERROR_ILLEGAL_VALUE: Component returned failure code: 0x80070057 (NS_ERROR_ILLEGAL_VALUE) [nsIObserverService.removeObserver]
1612884006378	geckodriver	INFO	Listening on 127.0.0.1:54545
1612884006381	mozrunner::runner	INFO	Running command: "/usr/bin/firefox" "--marionette" "-foreground" "-no-remote" "-profile" "/tmp/rust_mozprofileuBfQmG"
console.warn: SearchSettings: "get: No settings file exists, new profile?" (new Error("", "(unknown module)"))
1612884008859	Marionette	INFO	Listening on port 39319
1612884008916	Marionette	WARN	TLS certificate errors will be ignored for this session
1612884009491	Marionette	INFO	Stopped listening on port 39319
JavaScript error: resource://devtools-client-jsonview/lib/require.js, line 170: Error: Script error for: devtools/client/shared/components/reps/reps/rep-utils
http://requirejs.org/docs/errors.html#scripterror
JavaScript error: resource://devtools-client-jsonview/lib/require.js, line 170: Error: Script error for: devtools/client/shared/components/reps/reps/prop-rep
http://requirejs.org/docs/errors.html#scripterror
JavaScript error: resource://devtools-client-jsonview/lib/require.js, line 170: Error: Script error for: devtools/client/shared/components/reps/shared/dom-node-constants
http://requirejs.org/docs/errors.html#scripterror
JavaScript error: resource://activity-stream/lib/ASRouter.jsm, line 987: NS_ERROR_ILLEGAL_VALUE: Component returned failure code: 0x80070057 (NS_ERROR_ILLEGAL_VALUE) [nsIObserverService.removeObserver]
1612935530966	geckodriver	INFO	Listening on 127.0.0.1:43591
1612935531968	mozrunner::runner	INFO	Running command: "/usr/bin/firefox" "--marionette" "-foreground" "-no-remote" "-profile" "/tmp/rust_mozprofileahzWMD"
console.warn: SearchSettings: "get: No settings file exists, new profile?" (new Error("", "(unknown module)"))
1612935534460	Marionette	INFO	Listening on port 32989
1612935534508	Marionette	WARN	TLS certificate errors will be ignored for this session
1612935535075	Marionette	INFO	Stopped listening on port 32989
JavaScript error: resource://activity-stream/lib/ASRouter.jsm, line 987: NS_ERROR_ILLEGAL_VALUE: Component returned failure code: 0x80070057 (NS_ERROR_ILLEGAL_VALUE) [nsIObserverService.removeObserver]
1612935649539	geckodriver	INFO	Listening on 127.0.0.1:57921
1612935649543	mozrunner::runner	INFO	Running command: "/usr/bin/firefox" "--marionette" "-foreground" "-no-remote" "-profile" "/tmp/rust_mozprofileuwT4uG"
console.warn: SearchSettings: "get: No settings file exists, new profile?" (new Error("", "(unknown module)"))
1612935652089	Marionette	INFO	Listening on port 44843
1612935652171	Marionette	WARN	TLS certificate errors will be ignored for this session
1612935652578	Marionette	INFO	Stopped listening on port 44843
JavaScript error: resource://activity-stream/lib/ASRouter.jsm, line 987: NS_ERROR_ILLEGAL_VALUE: Component returned failure code: 0x80070057 (NS_ERROR_ILLEGAL_VALUE) [nsIObserverService.removeObserver]
JavaScript error: resource://devtools-client-jsonview/lib/require.js, line 170: Error: Script error for: devtools/client/shared/components/reps/reps/rep-utils
http://requirejs.org/docs/errors.html#scripterror
JavaScript error: resource://devtools-client-jsonview/lib/require.js, line 170: Error: Script error for: devtools/client/shared/components/reps/reps/prop-rep
http://requirejs.org/docs/errors.html#scripterror
JavaScript error: resource://devtools-client-jsonview/lib/require.js, line 170: Error: Script error for: devtools/client/shared/components/reps/shared/dom-node-constants
http://requirejs.org/docs/errors.html#scripterror
1612935701941	geckodriver	INFO	Listening on 127.0.0.1:41315
1612935701945	mozrunner::runner	INFO	Running command: "/usr/bin/firefox" "--marionette" "-foreground" "-no-remote" "-profile" "/tmp/rust_mozprofile9Eyzrj"
console.warn: SearchSettings: "get: No settings file exists, new profile?" (new Error("", "(unknown module)"))
1612935704572	Marionette	INFO	Listening on port 34037
1612935704677	Marionette	WARN	TLS certificate errors will be ignored for this session
1612935705222	Marionette	INFO	Stopped listening on port 34037
JavaScript error: resource://activity-stream/lib/ASRouter.jsm, line 987: NS_ERROR_ILLEGAL_VALUE: Component returned failure code: 0x80070057 (NS_ERROR_ILLEGAL_VALUE) [nsIObserverService.removeObserver]
JavaScript error: resource://devtools-client-jsonview/lib/require.js, line 170: Error: Script error for: devtools/client/shared/components/reps/reps/rep-utils
http://requirejs.org/docs/errors.html#scripterror
JavaScript error: resource://devtools-client-jsonview/lib/require.js, line 170: Error: Script error for: devtools/client/shared/components/reps/reps/prop-rep
http://requirejs.org/docs/errors.html#scripterror
JavaScript error: resource://devtools-client-jsonview/lib/require.js, line 170: Error: Script error for: devtools/client/shared/components/reps/shared/dom-node-constants
http://requirejs.org/docs/errors.html#scripterror
1612935705833	geckodriver	INFO	Listening on 127.0.0.1:38425
1612935705838	mozrunner::runner	INFO	Running command: "/usr/bin/firefox" "--marionette" "-foreground" "-no-remote" "-profile" "/tmp/rust_mozprofilexf5UmM"
console.warn: SearchSettings: "get: No settings file exists, new profile?" (new Error("", "(unknown module)"))
1612935708425	Marionette	INFO	Listening on port 45291
1612935708477	Marionette	WARN	TLS certificate errors will be ignored for this session
1612935708916	Marionette	INFO	Stopped listening on port 45291
JavaScript error: resource://devtools-client-jsonview/lib/require.js, line 170: Error: Script error for: devtools/client/shared/components/reps/reps/rep-utils
http://requirejs.org/docs/errors.html#scripterror
JavaScript error: resource://devtools-client-jsonview/lib/require.js, line 170: Error: Script error for: devtools/client/shared/components/reps/reps/prop-rep
http://requirejs.org/docs/errors.html#scripterror
JavaScript error: resource://devtools-client-jsonview/lib/require.js, line 170: Error: Script error for: devtools/client/shared/components/reps/shared/dom-node-constants
http://requirejs.org/docs/errors.html#scripterror
JavaScript error: resource://activity-stream/lib/ASRouter.jsm, line 987: NS_ERROR_ILLEGAL_VALUE: Component returned failure code: 0x80070057 (NS_ERROR_ILLEGAL_VALUE) [nsIObserverService.removeObserver]
